app/build/outputs/logs/manifest-merger-debug-report.txt
-- Merging decision tree log ---
manifest
ADDED from src\main\AndroidManifest.xml:2:1-941:12
	package
		ADDED from src\main\AndroidManifest.xml:3:5-34
		INJECTED from src\main\AndroidManifest.xml
		INJECTED from src\main\AndroidManifest.xml
	android:versionName
		ADDED from src\main\AndroidManifest.xml:5:5-30
		INJECTED from src\main\AndroidManifest.xml
		INJECTED from src\main\AndroidManifest.xml
	android:versionCode
		ADDED from src\main\AndroidManifest.xml:4:5-28
		INJECTED from src\main\AndroidManifest.xml
		INJECTED from src\main\AndroidManifest.xml
	xmlns:android
		ADDED from src\main\AndroidManifest.xml:2:11-69
uses-sdk
ADDED from src\main\AndroidManifest.xml:7:5-9:41
	android:targetSdkVersion
		ADDED from src\main\AndroidManifest.xml:9:9-38
		INJECTED from src\main\AndroidManifest.xml
		INJECTED from src\main\AndroidManifest.xml
	android:minSdkVersion
		ADDED from src\main\AndroidManifest.xml:8:9-35
		INJECTED from src\main\AndroidManifest.xml
		INJECTED from src\main\AndroidManifest.xml
uses-permission#android.permission.MOUNT_UNMOUNT_FILESYSTEMS
ADDED from src\main\AndroidManifest.xml:11:5-84
	android:name
		ADDED from src\main\AndroidManifest.xml:11:22-81
uses-permission#android.permission.WRITE_EXTERNAL_STORAGE
ADDED from src\main\AndroidManifest.xml:12:5-81
	android:name
		ADDED from src\main\AndroidManifest.xml:12:22-78
uses-permission#android.permission.GET_PACKAGE_SIZE
ADDED from src\main\AndroidManifest.xml:14:5-75
	android:name
		ADDED from src\main\AndroidManifest.xml:14:22-72
uses-permission#android.permission.CLEAR_APP_CACHE
ADDED from src\main\AndroidManifest.xml:15:5-74
	android:name
		ADDED from src\main\AndroidManifest.xml:15:22-71
uses-permission#android.permission.ACCESS_NETWORK_STATE
ADDED from src\main\AndroidManifest.xml:16:5-79
	android:name
		ADDED from src\main\AndroidManifest.xml:16:22-76
uses-permission#android.permission.ACCESS_WIFI_STATE
ADDED from src\main\AndroidManifest.xml:17:5-76
	android:name
		ADDED from src\main\AndroidManifest.xml:17:22-73
uses-permission#android.permission.READ_PHONE_STATE
ADDED from src\main\AndroidManifest.xml:18:5-75
	android:name
		ADDED from src\main\AndroidManifest.xml:18:22-72
uses-permission#android.permission.ACCESS_COARSE_LOCATION
ADDED from src\main\AndroidManifest.xml:19:5-81
	android:name
		ADDED from src\main\AndroidManifest.xml:19:22-78
uses-permission#android.permission.ACCESS_FINE_LOCATION
ADDED from src\main\AndroidManifest.xml:20:5-79
	android:name
		ADDED from src\main\AndroidManifest.xml:20:22-76
uses-permission#android.permission.INTERNET
ADDED from src\main\AndroidManifest.xml:22:5-67
	android:name
		ADDED from src\main\AndroidManifest.xml:22:22-64
uses-permission#android.permission.READ_LOGS
ADDED from src\main\AndroidManifest.xml:23:5-68
	android:name
		ADDED from src\main\AndroidManifest.xml:23:22-65
uses-permission#android.permission.CALL_PHONE
ADDED from src\main\AndroidManifest.xml:24:5-69
	android:name
		ADDED from src\main\AndroidManifest.xml:24:22-66
uses-permission#android.permission.CHANGE_NETWORK_STATE
ADDED from src\main\AndroidManifest.xml:29:5-79
	android:name
		ADDED from src\main\AndroidManifest.xml:29:22-76
uses-permission#android.permission.CHANGE_WIFI_STATE
ADDED from src\main\AndroidManifest.xml:30:5-76
	android:name
		ADDED from src\main\AndroidManifest.xml:30:22-73
uses-permission#android.permission.WAKE_LOCK
ADDED from src\main\AndroidManifest.xml:33:5-68
	android:name
		ADDED from src\main\AndroidManifest.xml:33:22-65
uses-permission#android.permission.VIBRATE
ADDED from src\main\AndroidManifest.xml:34:5-66
	android:name
		ADDED from src\main\AndroidManifest.xml:34:22-63
uses-permission#android.permission.WRITE_SETTINGS
ADDED from src\main\AndroidManifest.xml:35:5-73
	android:name
		ADDED from src\main\AndroidManifest.xml:35:22-70
uses-permission#android.permission.RECEIVE_BOOT_COMPLETED
ADDED from src\main\AndroidManifest.xml:36:5-81
	android:name
		ADDED from src\main\AndroidManifest.xml:36:22-78
uses-permission#android.permission.GET_TASKS
ADDED from src\main\AndroidManifest.xml:39:5-68
	android:name
		ADDED from src\main\AndroidManifest.xml:39:22-65
uses-permission#android.permission.BROADCAST_PACKAGE_ADDED
ADDED from src\main\AndroidManifest.xml:42:5-82
	android:name
		ADDED from src\main\AndroidManifest.xml:42:22-79
uses-permission#android.permission.BROADCAST_PACKAGE_CHANGED
ADDED from src\main\AndroidManifest.xml:43:5-84
	android:name
		ADDED from src\main\AndroidManifest.xml:43:22-81
uses-permission#android.permission.BROADCAST_PACKAGE_INSTALL
ADDED from src\main\AndroidManifest.xml:44:5-84
	android:name
		ADDED from src\main\AndroidManifest.xml:44:22-81
uses-permission#android.permission.BROADCAST_PACKAGE_REPLACED
ADDED from src\main\AndroidManifest.xml:45:5-85
	android:name
		ADDED from src\main\AndroidManifest.xml:45:22-82
uses-permission#android.permission.RESTART_PACKAGES
ADDED from src\main\AndroidManifest.xml:46:5-75
	android:name
		ADDED from src\main\AndroidManifest.xml:46:22-72
uses-permission#android.permission.GET_ACCOUNTS
ADDED from src\main\AndroidManifest.xml:47:5-71
	android:name
		ADDED from src\main\AndroidManifest.xml:47:22-68
uses-permission#android.permission.RECORD_AUDIO
ADDED from src\main\AndroidManifest.xml:56:5-71
	android:name
		ADDED from src\main\AndroidManifest.xml:56:22-68
uses-permission#android.permission.MODIFY_AUDIO_SETTINGS
ADDED from src\main\AndroidManifest.xml:59:5-80
	android:name
		ADDED from src\main\AndroidManifest.xml:59:22-77
uses-permission#android.permission.READ_EXTERNAL_STORAGE
ADDED from src\main\AndroidManifest.xml:62:5-80
	android:name
		ADDED from src\main\AndroidManifest.xml:62:22-77
uses-permission#android.permission.CAMERA
ADDED from src\main\AndroidManifest.xml:64:5-65
	android:name
		ADDED from src\main\AndroidManifest.xml:64:22-62
uses-permission#android.permission.FLASHLIGHT
ADDED from src\main\AndroidManifest.xml:82:5-69
	android:name
		ADDED from src\main\AndroidManifest.xml:82:22-66
uses-permission#android.permission.READ_CONTACTS
ADDED from src\main\AndroidManifest.xml:83:5-72
	android:name
		ADDED from src\main\AndroidManifest.xml:83:22-69
uses-permission#com.android.browser.permission.READ_HISTORY_BOOKMARKS
ADDED from src\main\AndroidManifest.xml:84:5-93
	android:name
		ADDED from src\main\AndroidManifest.xml:84:22-90
uses-feature#android.hardware.camera
ADDED from src\main\AndroidManifest.xml:89:5-91:36
	android:required
		ADDED from src\main\AndroidManifest.xml:91:9-33
	android:name
		ADDED from src\main\AndroidManifest.xml:90:9-47
uses-feature#android.hardware.camera.front
ADDED from src\main\AndroidManifest.xml:92:5-94:36
	android:required
		ADDED from src\main\AndroidManifest.xml:94:9-33
	android:name
		ADDED from src\main\AndroidManifest.xml:93:9-53
uses-feature#android.hardware.camera.autofocus
ADDED from src\main\AndroidManifest.xml:95:5-97:36
	android:required
		ADDED from src\main\AndroidManifest.xml:97:9-33
	android:name
		ADDED from src\main\AndroidManifest.xml:96:9-57
uses-feature#android.hardware.camera.flash
ADDED from src\main\AndroidManifest.xml:98:5-100:36
	android:required
		ADDED from src\main\AndroidManifest.xml:100:9-33
	android:name
		ADDED from src\main\AndroidManifest.xml:99:9-53
uses-feature#android.hardware.screen.landscape
ADDED from src\main\AndroidManifest.xml:101:5-70
	android:name
		ADDED from src\main\AndroidManifest.xml:101:19-67
uses-feature#android.hardware.wifi
ADDED from src\main\AndroidManifest.xml:102:5-104:36
	android:required
		ADDED from src\main\AndroidManifest.xml:104:9-33
	android:name
		ADDED from src\main\AndroidManifest.xml:103:9-45
uses-feature#android.hardware.touchscreen
ADDED from src\main\AndroidManifest.xml:105:5-65
	android:name
		ADDED from src\main\AndroidManifest.xml:105:19-62
supports-screens
ADDED from src\main\AndroidManifest.xml:107:5-112:40
	android:largeScreens
		ADDED from src\main\AndroidManifest.xml:109:9-36
	android:smallScreens
		ADDED from src\main\AndroidManifest.xml:111:9-36
	android:normalScreens
		ADDED from src\main\AndroidManifest.xml:110:9-37
	android:xlargeScreens
		ADDED from src\main\AndroidManifest.xml:112:9-37
	android:anyDensity
		ADDED from src\main\AndroidManifest.xml:108:9-34
application
ADDED from src\main\AndroidManifest.xml:114:5-939:19
	android:label
		ADDED from src\main\AndroidManifest.xml:118:9-41
	android:allowBackup
		ADDED from src\main\AndroidManifest.xml:116:9-35
	android:icon
		ADDED from src\main\AndroidManifest.xml:117:9-48
	android:theme
		ADDED from src\main\AndroidManifest.xml:119:9-40
	android:name
		ADDED from src\main\AndroidManifest.xml:115:9-48
meta-data#com.baidu.lbsapi.API_KEY
ADDED from src\main\AndroidManifest.xml:381:9-383:56
	android:value
		ADDED from src\main\AndroidManifest.xml:383:13-53
	android:name
		ADDED from src\main\AndroidManifest.xml:382:13-52
activity#com.aimowei.Activity.garbage.SplashActivity
ADDED from src\main\AndroidManifest.xml:749:9-755:20
	android:name
		ADDED from src\main\AndroidManifest.xml:749:19-77
intent-filter#android.intent.action.MAIN+android.intent.category.LAUNCHER
ADDED from src\main\AndroidManifest.xml:750:13-754:29
action#android.intent.action.MAIN
ADDED from src\main\AndroidManifest.xml:751:17-69
	android:name
		ADDED from src\main\AndroidManifest.xml:751:25-66
category#android.intent.category.LAUNCHER
ADDED from src\main\AndroidManifest.xml:753:17-77
	android:name
		ADDED from src\main\AndroidManifest.xml:753:27-74
activity#com.aimowei.Activity.garbage.MainActivity
ADDED from src\main\AndroidManifest.xml:756:9-78
	android:name
		ADDED from src\main\AndroidManifest.xml:756:19-75
activity#com.aimowei.Activity.garbage.login_function.LoginActivity
ADDED from src\main\AndroidManifest.xml:757:9-94
	android:name
		ADDED from src\main\AndroidManifest.xml:757:19-91
activity#com.aimowei.Activity.garbage.mycenter_function.MyCreditActivity
ADDED from src\main\AndroidManifest.xml:758:9-100
	android:name
		ADDED from src\main\AndroidManifest.xml:758:19-97
activity#com.aimowei.Activity.garbage.home_function.TwoDimensionSearchActivity
ADDED from src\main\AndroidManifest.xml:759:9-106
	android:name
		ADDED from src\main\AndroidManifest.xml:759:19-103
activity#com.aimowei.Activity.garbage.shopping_function.ShoppSearchActivity
ADDED from src\main\AndroidManifest.xml:760:9-103
	android:name
		ADDED from src\main\AndroidManifest.xml:760:19-100
activity#com.aimowei.Activity.garbage.information_function.EventArrangementActivity
ADDED from src\main\AndroidManifest.xml:761:9-111
	android:name
		ADDED from src\main\AndroidManifest.xml:761:19-108
activity#com.aimowei.Activity.garbage.information_function.GarbagePutRecordActivity
ADDED from src\main\AndroidManifest.xml:762:9-111
	android:name
		ADDED from src\main\AndroidManifest.xml:762:19-108
activity#com.aimowei.Activity.garbage.information_function.GarbagePutQueryActivity
ADDED from src\main\AndroidManifest.xml:763:9-110
	android:name
		ADDED from src\main\AndroidManifest.xml:763:19-107
activity#com.aimowei.Activity.garbage.information_function.GarbageSortingQueryActivity
ADDED from src\main\AndroidManifest.xml:764:9-114
	android:name
		ADDED from src\main\AndroidManifest.xml:764:19-111
activity#com.aimowei.Activity.garbage.information_function.LoginLogQueryActivity
ADDED from src\main\AndroidManifest.xml:765:9-108
	android:name
		ADDED from src\main\AndroidManifest.xml:765:19-105
activity#com.aimowei.Activity.garbage.information_function.RankingListActivity
ADDED from src\main\AndroidManifest.xml:766:9-106
	android:name
		ADDED from src\main\AndroidManifest.xml:766:19-103
activity#com.aimowei.Activity.garbage.mycenter_function.MyTwoDimensionActivity
ADDED from src\main\AndroidManifest.xml:767:9-106
	android:name
		ADDED from src\main\AndroidManifest.xml:767:19-103
activity#com.aimowei.Activity.garbage.mycenter_function.UpdateMyInfoActivity
ADDED from src\main\AndroidManifest.xml:768:9-104
	android:name
		ADDED from src\main\AndroidManifest.xml:768:19-101
activity#com.aimowei.Activity.garbage.mycenter_function.UpdatePasswordActivity
ADDED from src\main\AndroidManifest.xml:769:9-106
	android:name
		ADDED from src\main\AndroidManifest.xml:769:19-103
activity#com.aimowei.Activity.garbage.mycenter_function.ConsultActivity
ADDED from src\main\AndroidManifest.xml:770:9-99
	android:name
		ADDED from src\main\AndroidManifest.xml:770:19-96
activity#com.aimowei.Activity.garbage.mycenter_function.SuggestActivity
ADDED from src\main\AndroidManifest.xml:771:9-99
	android:name
		ADDED from src\main\AndroidManifest.xml:771:19-96
activity#com.aimowei.Activity.garbage.setting_function.ViewSettingActivity
ADDED from src\main\AndroidManifest.xml:772:9-102
	android:name
		ADDED from src\main\AndroidManifest.xml:772:19-99
activity#com.aimowei.Activity.garbage.mycenter_function.ApplyVolunteerActivity
ADDED from src\main\AndroidManifest.xml:773:9-106
	android:name
		ADDED from src\main\AndroidManifest.xml:773:19-103
activity#com.aimowei.Activity.garbage.mycenter_function.MessageManagementActivity
ADDED from src\main\AndroidManifest.xml:774:9-109
	android:name
		ADDED from src\main\AndroidManifest.xml:774:19-106
activity#com.aimowei.Activity.garbage.mycenter_function.SelectDateActivity
ADDED from src\main\AndroidManifest.xml:775:9-102
	android:name
		ADDED from src\main\AndroidManifest.xml:775:19-99
activity#com.aimowei.Activity.garbage.setting_function.AboutActivity
ADDED from src\main\AndroidManifest.xml:776:9-96
	android:name
		ADDED from src\main\AndroidManifest.xml:776:19-93
activity#com.aimowei.Activity.garbage.setting_function.ConnectUsActivity
ADDED from src\main\AndroidManifest.xml:777:9-100
	android:name
		ADDED from src\main\AndroidManifest.xml:777:19-97
activity#com.aimowei.Activity.garbage.zxing.activity.CaptureActivity
ADDED from src\main\AndroidManifest.xml:778:9-784:20
	android:screenOrientation
		ADDED from src\main\AndroidManifest.xml:781:13-49
	android:windowSoftInputMode
		ADDED from src\main\AndroidManifest.xml:783:13-60
	android:configChanges
		ADDED from src\main\AndroidManifest.xml:780:13-63
	android:theme
		ADDED from src\main\AndroidManifest.xml:782:13-71
	android:name
		ADDED from src\main\AndroidManifest.xml:779:13-87
activity#com.aimowei.Activity.garbage.mycenter_function.SettingActivity
ADDED from src\main\AndroidManifest.xml:785:9-99
	android:name
		ADDED from src\main\AndroidManifest.xml:785:19-96
activity#com.umeng.update.UpdateDialogActivity
ADDED from src\main\AndroidManifest.xml:790:9-793:20
	android:theme
		ADDED from src\main\AndroidManifest.xml:792:13-72
	android:name
		ADDED from src\main\AndroidManifest.xml:791:13-65
meta-data#UMENG_APPKEY
ADDED from src\main\AndroidManifest.xml:796:9-799:21
	android:value
		ADDED from src\main\AndroidManifest.xml:798:13-53
	android:name
		ADDED from src\main\AndroidManifest.xml:797:13-40
meta-data#UMENG_CHANNEL
ADDED from src\main\AndroidManifest.xml:800:9-803:21
	android:value
		ADDED from src\main\AndroidManifest.xml:802:13-39
	android:name
		ADDED from src\main\AndroidManifest.xml:801:13-41
service#com.umeng.update.net.DownloadingService
ADDED from src\main\AndroidManifest.xml:805:9-808:19
	android:process
		ADDED from src\main\AndroidManifest.xml:807:13-50
	android:name
		ADDED from src\main\AndroidManifest.xml:806:13-67
receiver#com.umeng.message.NotificationProxyBroadcastReceiver
ADDED from src\main\AndroidManifest.xml:820:1-823:12
	android:exported
		ADDED from src\main\AndroidManifest.xml:822:5-29
	android:name
		ADDED from src\main\AndroidManifest.xml:821:5-72
receiver#com.umeng.message.SystemReceiver
ADDED from src\main\AndroidManifest.xml:826:1-839:12
	android:process
		ADDED from src\main\AndroidManifest.xml:828:5-28
	android:name
		ADDED from src\main\AndroidManifest.xml:827:5-52
intent-filter#android.intent.action.BOOT_COMPLETED
ADDED from src\main\AndroidManifest.xml:829:5-831:21
action#android.intent.action.BOOT_COMPLETED
ADDED from src\main\AndroidManifest.xml:830:9-71
	android:name
		ADDED from src\main\AndroidManifest.xml:830:17-68
intent-filter#android.net.conn.CONNECTIVITY_CHANGE
ADDED from src\main\AndroidManifest.xml:832:5-834:21
action#android.net.conn.CONNECTIVITY_CHANGE
ADDED from src\main\AndroidManifest.xml:833:9-71
	android:name
		ADDED from src\main\AndroidManifest.xml:833:17-68
intent-filter#android.intent.action.PACKAGE_REMOVED
ADDED from src\main\AndroidManifest.xml:835:5-838:21
action#android.intent.action.PACKAGE_REMOVED
ADDED from src\main\AndroidManifest.xml:836:9-72
	android:name
		ADDED from src\main\AndroidManifest.xml:836:17-69
data
ADDED from src\main\AndroidManifest.xml:837:9-42
	android:scheme
		ADDED from src\main\AndroidManifest.xml:837:15-39
receiver#com.umeng.message.MessageReceiver
ADDED from src\main\AndroidManifest.xml:842:1-849:12
	android:process
		ADDED from src\main\AndroidManifest.xml:845:4-27
	android:exported
		ADDED from src\main\AndroidManifest.xml:844:6-30
	android:name
		ADDED from src\main\AndroidManifest.xml:843:5-53
intent-filter#org.agoo.android.intent.action.RECEIVE
ADDED from src\main\AndroidManifest.xml:846:5-848:21
action#org.agoo.android.intent.action.RECEIVE
ADDED from src\main\AndroidManifest.xml:847:9-73
	android:name
		ADDED from src\main\AndroidManifest.xml:847:17-70
receiver#com.umeng.message.ElectionReceiver
ADDED from src\main\AndroidManifest.xml:852:1-859:12
	android:process
		ADDED from src\main\AndroidManifest.xml:854:6-29
	android:name
		ADDED from src\main\AndroidManifest.xml:853:5-54
intent-filter#org.agoo.android.intent.action.ELECTION_RESULT_V4+umeng
ADDED from src\main\AndroidManifest.xml:855:5-858:21
action#org.agoo.android.intent.action.ELECTION_RESULT_V4
ADDED from src\main\AndroidManifest.xml:856:9-84
	android:name
		ADDED from src\main\AndroidManifest.xml:856:17-81
category#umeng
ADDED from src\main\AndroidManifest.xml:857:9-42
	android:name
		ADDED from src\main\AndroidManifest.xml:857:19-39
receiver#com.umeng.message.RegistrationReceiver
ADDED from src\main\AndroidManifest.xml:863:1-869:12
	android:exported
		ADDED from src\main\AndroidManifest.xml:865:5-29
	android:name
		ADDED from src\main\AndroidManifest.xml:864:5-58
intent-filter#com.aimowei.garbage.intent.action.COMMAND
ADDED from src\main\AndroidManifest.xml:866:5-868:21
action#com.aimowei.garbage.intent.action.COMMAND
ADDED from src\main\AndroidManifest.xml:867:9-76
	android:name
		ADDED from src\main\AndroidManifest.xml:867:17-73
receiver#com.umeng.message.UmengMessageBootReceiver
ADDED from src\main\AndroidManifest.xml:870:1-874:12
	android:name
		ADDED from src\main\AndroidManifest.xml:870:11-68
service#com.umeng.message.UmengService
ADDED from src\main\AndroidManifest.xml:877:1-892:11
	android:process
		ADDED from src\main\AndroidManifest.xml:881:5-28
	android:label
		ADDED from src\main\AndroidManifest.xml:879:5-32
	android:exported
		ADDED from src\main\AndroidManifest.xml:880:5-28
	android:name
		ADDED from src\main\AndroidManifest.xml:878:5-50
intent-filter#com.aimowei.garbage.intent.action.START
ADDED from src\main\AndroidManifest.xml:882:5-884:21
action#com.aimowei.garbage.intent.action.START
ADDED from src\main\AndroidManifest.xml:883:9-74
	android:name
		ADDED from src\main\AndroidManifest.xml:883:17-71
intent-filter#com.aimowei.garbage.intent.action.COCKROACH
ADDED from src\main\AndroidManifest.xml:885:5-887:21
action#com.aimowei.garbage.intent.action.COCKROACH
ADDED from src\main\AndroidManifest.xml:886:9-78
	android:name
		ADDED from src\main\AndroidManifest.xml:886:17-75
intent-filter#org.agoo.android.intent.action.PING_V4+umeng
ADDED from src\main\AndroidManifest.xml:888:5-891:21
action#org.agoo.android.intent.action.PING_V4
ADDED from src\main\AndroidManifest.xml:889:9-73
	android:name
		ADDED from src\main\AndroidManifest.xml:889:17-70
service#com.umeng.message.UmengIntentService
ADDED from src\main\AndroidManifest.xml:895:1-896:31
	android:process
		ADDED from src\main\AndroidManifest.xml:896:5-28
	android:name
		ADDED from src\main\AndroidManifest.xml:895:10-61
service#com.umeng.message.UmengMessageIntentReceiverService
ADDED from src\main\AndroidManifest.xml:899:1-909:11
	android:process
		ADDED from src\main\AndroidManifest.xml:901:5-28
	android:exported
		ADDED from src\main\AndroidManifest.xml:902:5-28
	android:name
		ADDED from src\main\AndroidManifest.xml:900:5-71
intent-filter#org.android.agoo.client.MessageReceiverService
ADDED from src\main\AndroidManifest.xml:903:5-905:21
action#org.android.agoo.client.MessageReceiverService
ADDED from src\main\AndroidManifest.xml:904:9-81
	android:name
		ADDED from src\main\AndroidManifest.xml:904:17-78
intent-filter#org.android.agoo.client.ElectionReceiverService
ADDED from src\main\AndroidManifest.xml:906:5-908:21
action#org.android.agoo.client.ElectionReceiverService
ADDED from src\main\AndroidManifest.xml:907:9-82
	android:name
		ADDED from src\main\AndroidManifest.xml:907:17-79
service#com.umeng.message.UmengMessageCallbackHandlerService
ADDED from src\main\AndroidManifest.xml:912:1-926:11
	android:exported
		ADDED from src\main\AndroidManifest.xml:913:5-29
	android:name
		ADDED from src\main\AndroidManifest.xml:912:10-77
intent-filter#com.umeng.messge.registercallback.action
ADDED from src\main\AndroidManifest.xml:914:5-916:21
action#com.umeng.messge.registercallback.action
ADDED from src\main\AndroidManifest.xml:915:9-75
	android:name
		ADDED from src\main\AndroidManifest.xml:915:17-72
intent-filter#com.umeng.message.unregistercallback.action
ADDED from src\main\AndroidManifest.xml:917:5-919:21
action#com.umeng.message.unregistercallback.action
ADDED from src\main\AndroidManifest.xml:918:9-77
	android:name
		ADDED from src\main\AndroidManifest.xml:918:17-75
intent-filter#com.umeng.message.message.handler.action
ADDED from src\main\AndroidManifest.xml:920:5-922:21
action#com.umeng.message.message.handler.action
ADDED from src\main\AndroidManifest.xml:921:9-74
	android:name
		ADDED from src\main\AndroidManifest.xml:921:17-72
intent-filter#com.umeng.message.autoupdate.handler.action
ADDED from src\main\AndroidManifest.xml:923:5-925:21
action#com.umeng.message.autoupdate.handler.action
ADDED from src\main\AndroidManifest.xml:924:9-77
	android:name
		ADDED from src\main\AndroidManifest.xml:924:17-75
service#com.umeng.message.UmengDownloadResourceService
ADDED from src\main\AndroidManifest.xml:929:1-74
	android:name
		ADDED from src\main\AndroidManifest.xml:929:10-71
service#com.umeng.message.local.UmengLocalNotificationService
ADDED from src\main\AndroidManifest.xml:933:1-934:28
	android:exported
		ADDED from src\main\AndroidManifest.xml:934:1-25
	android:name
		ADDED from src\main\AndroidManifest.xml:933:10-78
meta-data#UMENG_MESSAGE_SECRET
ADDED from src\main\AndroidManifest.xml:935:1-938:13
	android:value
		ADDED from src\main\AndroidManifest.xml:937:5-53
	android:name
		ADDED from src\main\AndroidManifest.xml:936:5-40